<?xml version="1.0" encoding="UTF-8"?>
<!-- Generated by org.testng.reporters.JUnitReportReporter -->
<testsuite skipped="0" hostname="MSI" name="interview.assessment1.api.TestApi" tests="1" failures="0" timestamp="2021-06-12T03:21:36 IST" time="5.061" errors="0">
  <testcase name="test_2" time="5.061" classname="interview.assessment1.api.TestApi"/>
  <system-out/>
</testsuite> <!-- interview.assessment1.api.TestApi -->
