<?xml version="1.0" encoding="UTF-8"?>
<!-- Generated by org.testng.reporters.JUnitReportReporter -->
<testsuite skipped="0" hostname="MSI" name="interview.assessment1.ui.tests.TestBlaze" tests="1" failures="0" timestamp="2021-06-12T01:33:38 IST" time="16.971" errors="0">
  <testcase name="validateFlightBooking" time="16.971" classname="interview.assessment1.ui.tests.TestBlaze"/>
  <system-out/>
</testsuite> <!-- interview.assessment1.ui.tests.TestBlaze -->
